  glad.c
  main.cpp
C:\Users\ASUS\Desktop\ComputerGraphics\LowPolyWorldDemo\config.h(40,1): warning C4305: “初始化”: 从“double”到“const float”截断
C:\Users\ASUS\Desktop\ComputerGraphics\LowPolyWorldDemo\lib\shader.h(56,40): warning C4101: “e”: 未引用的局部变量
C:\Users\ASUS\Desktop\ComputerGraphics\LowPolyWorldDemo\generator\NoiseGenerator.hpp(26,14): warning C4244: “=”: 从“time_t”转换到“int”，可能丢失数据
C:\Users\ASUS\Desktop\ComputerGraphics\LowPolyWorldDemo\generator\NoiseGenerator.hpp(40,11): warning C4244: “初始化”: 从“double”转换到“float”，可能丢失数据
C:\Users\ASUS\Desktop\ComputerGraphics\LowPolyWorldDemo\generator\NoiseGenerator.hpp(42,15): warning C4244: “初始化”: 从“double”转换到“float”，可能丢失数据
C:\Users\ASUS\Desktop\ComputerGraphics\LowPolyWorldDemo\generator\NoiseGenerator.hpp(43,14): warning C4244: “初始化”: 从“double”转换到“float”，可能丢失数据
C:\Users\ASUS\Desktop\ComputerGraphics\LowPolyWorldDemo\generator\NoiseGenerator.hpp(52,78): warning C4244: “参数”: 从“double”转换到“unsigned int”，可能丢失数据
C:\Users\ASUS\Desktop\ComputerGraphics\LowPolyWorldDemo\generator\AquNoise.hpp(17,13): warning C4244: “参数”: 从“time_t”转换到“unsigned int”，可能丢失数据
C:\Users\ASUS\Desktop\ComputerGraphics\LowPolyWorldDemo\generator\AquNoise.hpp(78,1): warning C4244: “+=”: 从“double”转换到“float”，可能丢失数据
C:\Users\ASUS\Desktop\ComputerGraphics\LowPolyWorldDemo\objects\Cloud.hpp(30,61): warning C4244: “=”: 从“float”转换到“int”，可能丢失数据
C:\Users\ASUS\Desktop\ComputerGraphics\LowPolyWorldDemo\objects\Cloud.hpp(31,61): warning C4244: “=”: 从“float”转换到“int”，可能丢失数据
C:\Users\ASUS\Desktop\ComputerGraphics\LowPolyWorldDemo\objects\Cloud.hpp(40,1): warning C4244: “*=”: 从“double”转换到“float”，可能丢失数据
C:\Users\ASUS\Desktop\ComputerGraphics\LowPolyWorldDemo\objects\Cloud.hpp(47,1): warning C4244: “+=”: 从“double”转换到“float”，可能丢失数据
C:\Users\ASUS\Desktop\ComputerGraphics\LowPolyWorldDemo\objects\Cloud.hpp(48,1): warning C4244: “+=”: 从“double”转换到“float”，可能丢失数据
C:\Users\ASUS\Desktop\ComputerGraphics\LowPolyWorldDemo\objects\Cloud.hpp(49,1): warning C4244: “+=”: 从“double”转换到“float”，可能丢失数据
C:\Users\ASUS\Desktop\ComputerGraphics\LowPolyWorldDemo\objects\Cloud.hpp(124,25): warning C4244: “=”: 从“double”转换到“float”，可能丢失数据
C:\Users\ASUS\Desktop\ComputerGraphics\LowPolyWorldDemo\objects\Cloud.hpp(125,25): warning C4244: “=”: 从“double”转换到“float”，可能丢失数据
C:\Users\ASUS\Desktop\ComputerGraphics\LowPolyWorldDemo\rendering\CloudRenderer.hpp(39,23): warning C4244: “=”: 从“unsigned int”转换到“T”，可能丢失数据
          with
          [
              T=float
          ]
C:\Users\ASUS\Desktop\ComputerGraphics\LowPolyWorldDemo\rendering\CloudRenderer.hpp(41,23): warning C4244: “=”: 从“unsigned int”转换到“T”，可能丢失数据
          with
          [
              T=float
          ]
C:\Users\ASUS\Desktop\ComputerGraphics\LowPolyWorldDemo\rendering\CloudRenderer.hpp(43,33): warning C4244: “=”: 从“int”转换到“float”，可能丢失数据
C:\Users\ASUS\Desktop\ComputerGraphics\LowPolyWorldDemo\rendering\CloudRenderer.hpp(44,33): warning C4244: “=”: 从“double”转换到“float”，可能丢失数据
C:\Users\ASUS\Desktop\ComputerGraphics\LowPolyWorldDemo\rendering\CloudRenderer.hpp(78,21): warning C4018: “<”: 有符号/无符号不匹配
C:\Users\ASUS\Desktop\ComputerGraphics\LowPolyWorldDemo\rendering\RenderEngine.hpp(94,22): warning C4244: “初始化”: 从“double”转换到“float”，可能丢失数据
C:\Users\ASUS\Desktop\ComputerGraphics\LowPolyWorldDemo\rendering\RenderEngine.hpp(188,11): warning C4244: “=”: 从“double”转换到“float”，可能丢失数据
C:\Users\ASUS\Desktop\ComputerGraphics\LowPolyWorldDemo\rendering\RenderEngine.hpp(189,11): warning C4244: “=”: 从“double”转换到“float”，可能丢失数据
C:\Users\ASUS\Desktop\ComputerGraphics\LowPolyWorldDemo\rendering\RenderEngine.hpp(193,16): warning C4244: “初始化”: 从“double”转换到“float”，可能丢失数据
C:\Users\ASUS\Desktop\ComputerGraphics\LowPolyWorldDemo\rendering\RenderEngine.hpp(194,16): warning C4244: “初始化”: 从“double”转换到“float”，可能丢失数据
C:\Users\ASUS\Desktop\ComputerGraphics\LowPolyWorldDemo\rendering\RenderEngine.hpp(196,10): warning C4244: “=”: 从“double”转换到“float”，可能丢失数据
C:\Users\ASUS\Desktop\ComputerGraphics\LowPolyWorldDemo\rendering\RenderEngine.hpp(197,10): warning C4244: “=”: 从“double”转换到“float”，可能丢失数据
C:\Users\ASUS\Desktop\ComputerGraphics\LowPolyWorldDemo\rendering\RenderEngine.hpp(204,29): warning C4244: “参数”: 从“double”转换到“float”，可能丢失数据
  LINK : 没有找到 C:\Users\ASUS\Desktop\ComputerGraphics\Debug\LowPolyWorldDemo.exe 或上一个增量链接没有生成它；正在执行完全链接
LINK : warning LNK4098: 默认库“MSVCRT”与其他库的使用冲突；请使用 /NODEFAULTLIB:library
  LowPolyWorldDemo.vcxproj -> C:\Users\ASUS\Desktop\ComputerGraphics\Debug\LowPolyWorldDemo.exe
